2026-05-01 13:34:19 - log_event: Array
(
    [action] => log_event
    [game_id] => 131
    [parent_email] => robin.stroobants.ext@delijn.be
    [event_type] => match_start
    [event_minute] => 0
)

2026-05-01 13:38:34 - log_event: Array
(
    [action] => log_event
    [game_id] => 131
    [parent_email] => rstroobants@gmail.com
    [event_type] => goal
    [event_minute] => 5
    [player_id] => 129
    [player_out_id] => 18
)

2026-05-01 13:38:38 - log_event: Array
(
    [action] => log_event
    [game_id] => 131
    [parent_email] => robin.stroobants.ext@delijn.be
    [event_type] => goal
    [event_minute] => 5
    [player_id] => 129
    [player_out_id] => 18
)

2026-05-01 13:50:15 - log_event: Array
(
    [action] => log_event
    [game_id] => 131
    [parent_email] => auto@systeem
    [event_type] => period_start
    [event_minute] => 7
)

2026-05-01 13:50:36 - log_event: Array
(
    [action] => log_event
    [game_id] => 131
    [parent_email] => rstroobants@gmail.com
    [event_type] => goal
    [event_minute] => 8
    [player_id] => 5
)

2026-05-01 13:59:15 - log_event: Array
(
    [action] => log_event
    [game_id] => 131
    [parent_email] => auto@systeem
    [event_type] => period_end
    [event_minute] => 17
)

2026-05-01 13:59:15 - log_event: Array
(
    [action] => log_event
    [game_id] => 131
    [parent_email] => auto@systeem
    [event_type] => period_end
    [event_minute] => 17
)

2026-05-01 14:23:15 - log_event: Array
(
    [action] => log_event
    [game_id] => 131
    [parent_email] => rstroobants@gmail.com
    [parent_name] => 
    [event_type] => period_start
    [event_minute] => 0
)

2026-05-01 14:23:39 - log_event: Array
(
    [action] => log_event
    [game_id] => 131
    [parent_email] => robin.stroobants.ext@delijn.be
    [event_type] => goal
    [event_minute] => 1
    [player_id] => 129
    [player_out_id] => 128
)

2026-05-01 14:23:47 - log_event: Array
(
    [action] => log_event
    [game_id] => 131
    [parent_email] => rstroobants@gmail.com
    [event_type] => goal
    [event_minute] => 1
    [player_id] => 129
    [player_out_id] => 128
)

2026-05-01 14:24:49 - log_event: Array
(
    [action] => log_event
    [game_id] => 131
    [parent_email] => jack@webbit.be
    [event_type] => goal
    [event_minute] => 2
    [player_id] => 5
    [player_out_id] => 128
    [parent_name] => Papa Jack
)

2026-05-01 14:25:08 - log_event: Array
(
    [action] => log_event
    [game_id] => 131
    [parent_email] => robin.stroobants.ext@delijn.be
    [event_type] => goal
    [event_minute] => 2
    [player_id] => 5
    [player_out_id] => 128
)

